#
# A fatal error has been detected by the Java Runtime Environment:
#
#  EXCEPTION_ACCESS_VIOLATION (0xc0000005) at pc=0x00000000588f00b0, pid=10204, tid=5528
#
# JRE version: Java(TM) SE Runtime Environment (8.0_66-b17) (build 1.8.0_66-b17)
# Java VM: Java HotSpot(TM) 64-Bit Server VM (25.66-b17 mixed mode windows-amd64 compressed oops)
# Problematic frame:
# V  [jvm.dll+0xe00b0]
#
# Failed to write core dump. Minidumps are not enabled by default on client versions of Windows
#
# If you would like to submit a bug report, please visit:
#   http://bugreport.java.com/bugreport/crash.jsp
#

---------------  T H R E A D  ---------------

Current thread (0x000000001502a000):  JavaThread "C2 CompilerThread1" daemon [_thread_in_vm, id=5528, stack(0x0000000018320000,0x0000000018420000)]

siginfo: ExceptionCode=0xc0000005, writing address 0x0000000011984000

Registers:
RAX=0x0000000000000002, RBX=0x00000000026719b0, RCX=0x0000000011984000, RDX=0x0000000011984070
RSP=0x000000001841c1a0, RBP=0x0000000000001c40, RSI=0x0000000000000000, RDI=0x0000000000000072
R8 =0x0000000000000001, R9 =0x0000000000000000, R10=0x0000000000000000, R11=0x0000000000000000
R12=0x0000000058e6ef28, R13=0x00000000000001e8, R14=0x0000000000000000, R15=0x000000001914d510
RIP=0x00000000588f00b0, EFLAGS=0x0000000000010287

Top of Stack: (sp=0x000000001841c1a0)
0x000000001841c1a0:   00000000000001e8 00000000026719b0
0x000000001841c1b0:   0000000000001c40 0000000000000000
0x000000001841c1c0:   0000000000001c40 000000005889ee66
0x000000001841c1d0:   0000000000000000 0000000000000000
0x000000001841c1e0:   0000000000001c40 000000001914d810
0x000000001841c1f0:   000000000267c480 000000005889cb31
0x000000001841c200:   000000001502a000 000000001502a000
0x000000001841c210:   0000000000001c40 000000001914d510
0x000000001841c220:   000000000000003d 0000000058836dfe
0x000000001841c230:   000000001841efb8 000000001841e7b0
0x000000001841c240:   0000000019b5c670 00000000000000fa
0x000000001841c250:   000000001914d510 0000000058d01396
0x000000001841c260:   0000000000001000 000000001914d510
0x000000001841c270:   000000001841c2f0 000000001841c2f8
0x000000001841c280:   000000001841c201 000000001502a000
0x000000001841c290:   0000000019f4c5c0 000000005884b8b0 

Instructions: (pc=0x00000000588f00b0)
0x00000000588f0090:   6a 48 03 8b 80 00 00 00 33 c0 48 8d 14 39 48 3b
0x00000000588f00a0:   ca 73 22 44 8d 40 01 66 0f 1f 84 00 00 00 00 00
0x00000000588f00b0:   88 01 ff c0 48 ff c1 3d ff 00 00 00 41 0f 44 c0
0x00000000588f00c0:   48 3b ca 72 eb 48 8b 83 00 01 00 00 8b 8b f8 00 


Register to memory mapping:

RAX=0x0000000000000002 is an unknown value
RBX=0x00000000026719b0 is an unknown value
RCX=0x0000000011984000 is an unknown value
RDX=0x0000000011984070 is an unknown value
RSP=0x000000001841c1a0 is pointing into the stack for thread: 0x000000001502a000
RBP=0x0000000000001c40 is an unknown value
RSI=0x0000000000000000 is an unknown value
RDI=0x0000000000000072 is an unknown value
R8 =0x0000000000000001 is an unknown value
R9 =0x0000000000000000 is an unknown value
R10=0x0000000000000000 is an unknown value
R11=0x0000000000000000 is an unknown value
R12=0x0000000058e6ef28 is an unknown value
R13=0x00000000000001e8 is an unknown value
R14=0x0000000000000000 is an unknown value
R15=0x000000001914d510 is an unknown value


Stack: [0x0000000018320000,0x0000000018420000],  sp=0x000000001841c1a0,  free space=1008k
Native frames: (J=compiled Java code, j=interpreted, Vv=VM code, C=native code)
V  [jvm.dll+0xe00b0]
V  [jvm.dll+0x8ee66]
V  [jvm.dll+0x8cb31]
V  [jvm.dll+0x26dfe]
V  [jvm.dll+0x4f1396]
V  [jvm.dll+0x4f4918]
V  [jvm.dll+0x46d692]
V  [jvm.dll+0x46fb72]
V  [jvm.dll+0x452d12]
V  [jvm.dll+0xa4912]
V  [jvm.dll+0xa524f]
V  [jvm.dll+0x243274]
V  [jvm.dll+0x29a0fa]
C  [msvcr100.dll+0x21d9f]
C  [msvcr100.dll+0x21e3b]
C  [KERNEL32.DLL+0x18102]
C  [ntdll.dll+0x5c5b4]


Current CompileTask:
C2:  11391 2109       4       com.android.dx.rop.code.RegisterSpec::matchesVariable (68 bytes)


---------------  P R O C E S S  ---------------

Java Threads: ( => current thread )
  0x000000001853f000 JavaThread "Service Thread" daemon [_thread_blocked, id=15756, stack(0x0000000018920000,0x0000000018a20000)]
  0x0000000015086800 JavaThread "C1 CompilerThread2" daemon [_thread_in_vm, id=12828, stack(0x0000000018420000,0x0000000018520000)]
=>0x000000001502a000 JavaThread "C2 CompilerThread1" daemon [_thread_in_vm, id=5528, stack(0x0000000018320000,0x0000000018420000)]
  0x0000000015039000 JavaThread "C2 CompilerThread0" daemon [_thread_in_vm, id=92, stack(0x0000000018220000,0x0000000018320000)]
  0x0000000015037000 JavaThread "Attach Listener" daemon [_thread_blocked, id=12388, stack(0x0000000018120000,0x0000000018220000)]
  0x0000000015036000 JavaThread "Signal Dispatcher" daemon [_thread_blocked, id=5796, stack(0x0000000018020000,0x0000000018120000)]
  0x0000000002951000 JavaThread "Finalizer" daemon [_thread_blocked, id=8440, stack(0x0000000016290000,0x0000000016390000)]
  0x000000000294e000 JavaThread "Reference Handler" daemon [_thread_blocked, id=6472, stack(0x0000000016190000,0x0000000016290000)]
  0x000000000267e800 JavaThread "main" [_thread_blocked, id=5772, stack(0x0000000002760000,0x0000000002860000)]

Other Threads:
  0x0000000014ff7800 VMThread [stack: 0x0000000016090000,0x0000000016190000] [id=16720]
  0x0000000018541800 WatcherThread [stack: 0x0000000018a20000,0x0000000018b20000] [id=12916]

VM state:not at safepoint (normal execution)

VM Mutex/Monitor currently owned by a thread:  ([mutex/lock_event])
[0x000000000267c480] CodeCache_lock - owner thread: 0x000000001502a000
[0x0000000002861050] Compile_lock - owner thread: 0x0000000015086800
[0x0000000002860750] MethodCompileQueue_lock - owner thread: 0x0000000015086800

Heap:
 PSYoungGen      total 38400K, used 23403K [0x00000000eab00000, 0x00000000ef600000, 0x0000000100000000)
  eden space 33280K, 54% used [0x00000000eab00000,0x00000000ebcdaf78,0x00000000ecb80000)
  from space 5120K, 100% used [0x00000000ecb80000,0x00000000ed080000,0x00000000ed080000)
  to   space 5120K, 0% used [0x00000000ef100000,0x00000000ef100000,0x00000000ef600000)
 ParOldGen       total 87552K, used 9621K [0x00000000c0000000, 0x00000000c5580000, 0x00000000eab00000)
  object space 87552K, 10% used [0x00000000c0000000,0x00000000c0965600,0x00000000c5580000)
 Metaspace       used 6624K, capacity 7384K, committed 7680K, reserved 1056768K
  class space    used 623K, capacity 656K, committed 768K, reserved 1048576K

Card table byte_map: [0x0000000011d20000,0x0000000011f30000] byte_map_base: 0x0000000011720000

Marking Bits: (ParMarkBitMap*) 0x000000005901a5b0
 Begin Bits: [0x0000000012490000, 0x0000000013490000)
 End Bits:   [0x0000000013490000, 0x0000000014490000)

Polling page: 0x0000000002140000

CodeCache: size=245760Kb used=9183Kb max_used=9185Kb free=236576Kb
 bounds [0x0000000002960000, 0x0000000003270000, 0x0000000011960000]
 total_blobs=2346 nmethods=2073 adapters=182
 compilation: enabled

Compilation events (10 events):
Event: 11.298 Thread 0x0000000015086800 2113       3       com.android.dx.rop.code.RegisterSpec::withOffset (17 bytes)
Event: 11.298 Thread 0x0000000015039000 2114       4       com.android.dx.rop.code.RegisterSpec::withReg (23 bytes)
Event: 11.298 Thread 0x0000000015086800 nmethod 2113 0x000000000325ca50 code [0x000000000325cbc0, 0x000000000325cf28]
Event: 11.299 Thread 0x0000000015039000 nmethod 2114 0x000000000325fcd0 code [0x000000000325fe20, 0x000000000325fec8]
Event: 11.299 Thread 0x0000000015039000 2115       4       com.android.dx.dex.code.LocalSnapshot::<init> (25 bytes)
Event: 11.299 Thread 0x0000000015086800 2116       3       com.android.dx.rop.code.RegisterSpecSet::withOffset (77 bytes)
Event: 11.300 Thread 0x0000000015039000 

Event: 11.300 Thread 0x0000000015086800 nmethod 2116 0x000000000325ead0 code [0x000000000325ecc0, 0x000000000325f7f8]
Event: 11.301 Thread 0x0000000015039000 2117       4       com.android.dx.dex.code.LocalSnapshot::<init> (25 bytes)
Event: 11.301 Thread 0x0000000015086800 2118       3       com.android.dx.dex.code.SimpleInsn::<init> (8 bytes)

GC Heap History (6 events):
Event: 3.111 GC heap before
{Heap before GC invocations=1 (full 0):
 PSYoungGen      total 38400K, used 33280K [0x00000000eab00000, 0x00000000ed580000, 0x0000000100000000)
  eden space 33280K, 100% used [0x00000000eab00000,0x00000000ecb80000,0x00000000ecb80000)
  from space 5120K, 0% used [0x00000000ed080000,0x00000000ed080000,0x00000000ed580000)
  to   space 5120K, 0% used [0x00000000ecb80000,0x00000000ecb80000,0x00000000ed080000)
 ParOldGen       total 87552K, used 0K [0x00000000c0000000, 0x00000000c5580000, 0x00000000eab00000)
  object space 87552K, 0% used [0x00000000c0000000,0x00000000c0000000,0x00000000c5580000)
 Metaspace       used 5955K, capacity 6896K, committed 7040K, reserved 1056768K
  class space    used 596K, capacity 616K, committed 640K, reserved 1048576K
Event: 3.124 GC heap after
Heap after GC invocations=1 (full 0):
 PSYoungGen      total 38400K, used 5095K [0x00000000eab00000, 0x00000000ed580000, 0x0000000100000000)
  eden space 33280K, 0% used [0x00000000eab00000,0x00000000eab00000,0x00000000ecb80000)
  from space 5120K, 99% used [0x00000000ecb80000,0x00000000ed079ec8,0x00000000ed080000)
  to   space 5120K, 0% used [0x00000000ed080000,0x00000000ed080000,0x00000000ed580000)
 ParOldGen       total 87552K, used 782K [0x00000000c0000000, 0x00000000c5580000, 0x00000000eab00000)
  object space 87552K, 0% used [0x00000000c0000000,0x00000000c00c3a40,0x00000000c5580000)
 Metaspace       used 5955K, capacity 6896K, committed 7040K, reserved 1056768K
  class space    used 596K, capacity 616K, committed 640K, reserved 1048576K
}
Event: 5.785 GC heap before
{Heap before GC invocations=2 (full 0):
 PSYoungGen      total 38400K, used 38375K [0x00000000eab00000, 0x00000000ed580000, 0x0000000100000000)
  eden space 33280K, 100% used [0x00000000eab00000,0x00000000ecb80000,0x00000000ecb80000)
  from space 5120K, 99% used [0x00000000ecb80000,0x00000000ed079ec8,0x00000000ed080000)
  to   space 5120K, 0% used [0x00000000ed080000,0x00000000ed080000,0x00000000ed580000)
 ParOldGen       total 87552K, used 782K [0x00000000c0000000, 0x00000000c5580000, 0x00000000eab00000)
  object space 87552K, 0% used [0x00000000c0000000,0x00000000c00c3a40,0x00000000c5580000)
 Metaspace       used 6231K, capacity 7088K, committed 7296K, reserved 1056768K
  class space    used 600K, capacity 616K, committed 640K, reserved 1048576K
Event: 5.922 GC heap after
Heap after GC invocations=2 (full 0):
 PSYoungGen      total 38400K, used 5111K [0x00000000eab00000, 0x00000000ef600000, 0x0000000100000000)
  eden space 33280K, 0% used [0x00000000eab00000,0x00000000eab00000,0x00000000ecb80000)
  from space 5120K, 99% used [0x00000000ed080000,0x00000000ed57dc88,0x00000000ed580000)
  to   space 5120K, 0% used [0x00000000ecb80000,0x00000000ecb80000,0x00000000ed080000)
 ParOldGen       total 87552K, used 4341K [0x00000000c0000000, 0x00000000c5580000, 0x00000000eab00000)
  object space 87552K, 4% used [0x00000000c0000000,0x00000000c043d730,0x00000000c5580000)
 Metaspace       used 6231K, capacity 7088K, committed 7296K, reserved 1056768K
  class space    used 600K, capacity 616K, committed 640K, reserved 1048576K
}
Event: 7.778 GC heap before
{Heap before GC invocations=3 (full 0):
 PSYoungGen      total 38400K, used 38391K [0x00000000eab00000, 0x00000000ef600000, 0x0000000100000000)
  eden space 33280K, 100% used [0x00000000eab00000,0x00000000ecb80000,0x00000000ecb80000)
  from space 5120K, 99% used [0x00000000ed080000,0x00000000ed57dc88,0x00000000ed580000)
  to   space 5120K, 0% used [0x00000000ecb80000,0x00000000ecb80000,0x00000000ed080000)
 ParOldGen       total 87552K, used 4341K [0x00000000c0000000, 0x00000000c5580000, 0x00000000eab00000)
  object space 87552K, 4% used [0x00000000c0000000,0x00000000c043d730,0x00000000c5580000)
 Metaspace       used 6357K, capacity 7152K, committed 7296K, reserved 1056768K
  class space    used 602K, capacity 616K, committed 640K, reserved 1048576K
Event: 7.804 GC heap after
Heap after GC invocations=3 (full 0):
 PSYoungGen      total 38400K, used 5120K [0x00000000eab00000, 0x00000000ef600000, 0x0000000100000000)
  eden space 33280K, 0% used [0x00000000eab00000,0x00000000eab00000,0x00000000ecb80000)
  from space 5120K, 100% used [0x00000000ecb80000,0x00000000ed080000,0x00000000ed080000)
  to   space 5120K, 0% used [0x00000000ef100000,0x00000000ef100000,0x00000000ef600000)
 ParOldGen       total 87552K, used 9621K [0x00000000c0000000, 0x00000000c5580000, 0x00000000eab00000)
  object space 87552K, 10% used [0x00000000c0000000,0x00000000c0965600,0x00000000c5580000)
 Metaspace       used 6357K, capacity 7152K, committed 7296K, reserved 1056768K
  class space    used 602K, capacity 616K, committed 640K, reserved 1048576K
}

Deoptimization events (10 events):
Event: 9.458 Thread 0x000000000267e800 Uncommon trap: reason=class_check action=maybe_recompile pc=0x0000000002e83f04 method=java.util.HashMap.putVal(ILjava/lang/Object;Ljava/lang/Object;ZZ)Ljava/lang/Object; @ 203
Event: 9.460 Thread 0x000000000267e800 Uncommon trap: reason=class_check action=maybe_recompile pc=0x0000000002e83f04 method=java.util.HashMap.putVal(ILjava/lang/Object;Ljava/lang/Object;ZZ)Ljava/lang/Object; @ 203
Event: 9.460 Thread 0x000000000267e800 Uncommon trap: reason=class_check action=maybe_recompile pc=0x0000000002e83f04 method=java.util.HashMap.putVal(ILjava/lang/Object;Ljava/lang/Object;ZZ)Ljava/lang/Object; @ 203
Event: 9.461 Thread 0x000000000267e800 Uncommon trap: reason=class_check action=maybe_recompile pc=0x0000000002d33b04 method=java.util.HashMap.putVal(ILjava/lang/Object;Ljava/lang/Object;ZZ)Ljava/lang/Object; @ 203
Event: 9.905 Thread 0x000000000267e800 Uncommon trap: reason=unstable_if action=reinterpret pc=0x00000000031b6c84 method=java.util.HashMap.putVal(ILjava/lang/Object;Ljava/lang/Object;ZZ)Ljava/lang/Object; @ 94
Event: 11.076 Thread 0x000000000267e800 Uncommon trap: reason=speculate_class_check action=maybe_recompile pc=0x0000000002d324e4 method=com.android.dx.util.FixedSizeList.equals(Ljava/lang/Object;)Z @ 25
Event: 11.076 Thread 0x000000000267e800 Uncommon trap: reason=speculate_class_check action=maybe_recompile pc=0x0000000002d324e4 method=com.android.dx.util.FixedSizeList.equals(Ljava/lang/Object;)Z @ 25
Event: 11.076 Thread 0x000000000267e800 Uncommon trap: reason=speculate_class_check action=maybe_recompile pc=0x0000000002d324e4 method=com.android.dx.util.FixedSizeList.equals(Ljava/lang/Object;)Z @ 25
Event: 11.077 Thread 0x000000000267e800 Uncommon trap: reason=speculate_class_check action=maybe_recompile pc=0x0000000002d324e4 method=com.android.dx.util.FixedSizeList.equals(Ljava/lang/Object;)Z @ 25
Event: 11.289 Thread 0x000000000267e800 Uncommon trap: reason=unstable_if action=reinterpret pc=0x00000000032433c0 method=com.android.dx.dex.code.OutputFinisher.findOpcodeForInsn(Lcom/android/dx/dex/code/DalvInsn;Lcom/android/dx/dex/code/Dop;)Lcom/android/dx/dex/code/Dop; @ 1

Internal exceptions (4 events):
Event: 0.103 Thread 0x000000000267e800 Exception <a 'java/lang/NoSuchMethodError': Method sun.misc.Unsafe.defineClass(Ljava/lang/String;[BII)Ljava/lang/Class; name or signature does not match> (0x00000000eab0d530) thrown at [C:\re\workspace\8-2-build-windows-amd64-cygwin\jdk8u66\4988\hotspot\srYw#§:Gº?
Event: 0.103 Thread 0x000000000267e800 Exception <a 'java/lang/NoSuchMethodError': Method sun.misc.Unsafe.prefetchRead(Ljava/lang/Object;J)V name or signature does not match> (0x00000000eab0d818) thrown at [C:\re\workspace\8-2-build-windows-amd64-cygwin\jdk8u66\4988\hotspot\src\share\vm\prims\j:}^yöP@
Event: 3.665 Thread 0x00000000187fc800 Implicit null exception at 0x0000000002c64a69 to 0x0000000002c66a61
Event: 3.667 Thread 0x00000000187fc800 Implicit null exception at 0x0000000002cd46f1 to 0x0000000002cd6605

Events (10 events):
Event: 11.077 Thread 0x000000000267e800 DEOPT UNPACKING pc=0x00000000029a582a sp=0x000000000285ece0 mode 2
Event: 11.077 loading class com/android/dx/dex/code/CatchTable$Entry
Event: 11.077 loading class com/android/dx/dex/code/CatchTable$Entry done
Event: 11.077 loading class com/android/dx/util/ByteArrayAnnotatedOutput
Event: 11.077 loading class com/android/dx/util/ByteArrayAnnotatedOutput done
Event: 11.289 Thread 0x000000000267e800 Uncommon trap: trap_request=0xffffff65 fr.pc=0x00000000032433c0
Event: 11.289 Thread 0x000000000267e800 DEOPT PACKING pc=0x00000000032433c0 sp=0x000000000285ed90
Event: 11.289 Thread 0x000000000267e800 DEOPT UNPACKING pc=0x00000000029a582a sp=0x000000000285ed30 mode 2
Event: 11.289 loading class com/android/dx/rop/code/RegisterSpecList$Expander
Event: 11.289 loading class com/android/dx/rop/code/RegisterSpecList$Expander done


Dynamic libraries:
0x00007ff74be10000 - 0x00007ff74be47000 	C:\Program Files\Java\jdk1.8.0_66\bin\java.exe
0x00007ff9e6170000 - 0x00007ff9e6331000 	C:\WINDOWS\SYSTEM32\ntdll.dll
0x00007ff9e4e00000 - 0x00007ff9e4ead000 	C:\WINDOWS\system32\KERNEL32.DLL
0x00007ff9e2bc0000 - 0x00007ff9e2da8000 	C:\WINDOWS\system32\KERNELBASE.dll
0x00007ff9e5f20000 - 0x00007ff9e5fc7000 	C:\WINDOWS\system32\ADVAPI32.dll
0x00007ff9e36e0000 - 0x00007ff9e377d000 	C:\WINDOWS\system32\msvcrt.dll
0x00007ff9e53d0000 - 0x00007ff9e542b000 	C:\WINDOWS\system32\sechost.dll
0x00007ff9e4ce0000 - 0x00007ff9e4dfc000 	C:\WINDOWS\system32\RPCRT4.dll
0x00007ff9e3580000 - 0x00007ff9e36d6000 	C:\WINDOWS\system32\USER32.dll
0x0000000000720000 - 0x00000000008a6000 	C:\WINDOWS\system32\GDI32.dll
0x00007ff9d90c0000 - 0x00007ff9d9334000 	C:\WINDOWS\WinSxS\amd64_microsoft.windows.common-controls_6595b64144ccf1df_6.0.10586.0_none_8c15ae12515e1c22\COMCTL32.dll
0x00007ff9e54c0000 - 0x00007ff9e573d000 	C:\WINDOWS\system32\combase.dll
0x00007ff9e2af0000 - 0x00007ff9e2b5a000 	C:\WINDOWS\system32\bcryptPrimitives.dll
0x00007ff9b9800000 - 0x00007ff9b9d2a000 	C:\Program Files\McAfee\DLP\Agent\fcagcbh64.dll
0x00007ff9e51f0000 - 0x00007ff9e5242000 	C:\WINDOWS\system32\SHLWAPI.dll
0x00007ff9e3570000 - 0x00007ff9e3578000 	C:\WINDOWS\system32\PSAPI.DLL
0x00007ff9e58f0000 - 0x00007ff9e5a33000 	C:\WINDOWS\system32\ole32.dll
0x00007ff9e5390000 - 0x00007ff9e53cb000 	C:\WINDOWS\system32\IMM32.DLL
0x00007ff9e1c80000 - 0x00007ff9e1cb1000 	C:\WINDOWS\SYSTEM32\ntmarta.dll
0x00007ff9cc8e0000 - 0x00007ff9cc98c000 	C:\Program Files\McAfee\Endpoint Security\Threat Prevention\Ips\EpMPApi.dll
0x00007ff9e2b60000 - 0x00007ff9e2bb5000 	C:\WINDOWS\system32\WINTRUST.dll
0x00007ff9e2810000 - 0x00007ff9e2820000 	C:\WINDOWS\system32\MSASN1.dll
0x00007ff9e2820000 - 0x00007ff9e29e7000 	C:\WINDOWS\system32\CRYPT32.dll
0x0000000059690000 - 0x000000005969b000 	C:\Program Files\McAfee\Endpoint Security\Threat Prevention\Ips\EpMPThe.dll
0x0000000058390000 - 0x0000000058462000 	C:\Program Files\Java\jdk1.8.0_66\jre\bin\msvcr100.dll
0x0000000058810000 - 0x0000000059099000 	C:\Program Files\Java\jdk1.8.0_66\jre\bin\server\jvm.dll
0x00007ff9de8c0000 - 0x00007ff9de8c9000 	C:\WINDOWS\SYSTEM32\WSOCK32.dll
0x00007ff9e5320000 - 0x00007ff9e538b000 	C:\WINDOWS\system32\WS2_32.dll
0x00007ff9e0b50000 - 0x00007ff9e0b73000 	C:\WINDOWS\SYSTEM32\WINMM.dll
0x00007ff9d4c90000 - 0x00007ff9d4c9a000 	C:\WINDOWS\SYSTEM32\VERSION.dll
0x00007ff9e0ac0000 - 0x00007ff9e0aec000 	C:\WINDOWS\SYSTEM32\WINMMBASE.dll
0x00007ff9e2aa0000 - 0x00007ff9e2ae3000 	C:\WINDOWS\system32\cfgmgr32.dll
0x0000000058800000 - 0x000000005880f000 	C:\Program Files\Java\jdk1.8.0_66\jre\bin\verify.dll
0x00000000587d0000 - 0x00000000587f9000 	C:\Program Files\Java\jdk1.8.0_66\jre\bin\java.dll
0x00000000587b0000 - 0x00000000587c6000 	C:\Program Files\Java\jdk1.8.0_66\jre\bin\zip.dll
0x0000000016470000 - 0x00000000179cc000 	C:\WINDOWS\system32\SHELL32.dll
0x00000000179d0000 - 0x0000000018015000 	C:\WINDOWS\system32\windows.storage.dll
0x00007ff9e2790000 - 0x00007ff9e279f000 	C:\WINDOWS\system32\kernel.appcore.dll
0x00007ff9e3400000 - 0x00007ff9e34b5000 	C:\WINDOWS\system32\shcore.dll
0x00007ff9e27c0000 - 0x00007ff9e280b000 	C:\WINDOWS\system32\powrprof.dll
0x00007ff9e27a0000 - 0x00007ff9e27b4000 	C:\WINDOWS\system32\profapi.dll
0x00007ff9dee90000 - 0x00007ff9df01c000 	C:\WINDOWS\SYSTEM32\dbghelp.dll

VM Arguments:
jvm_args: -Djava.awt.headless=true -Xmx1024M -Dfile.encoding=windows-1252 -Duser.country=US -Duser.language=en -Duser.variant 
java_command: com.android.dx.command.Main --dex --num-threads=4 --output C:\Users\oluwafemi.bamisaye\Documents\Android Projects\MyConference\app\build\intermediates\pre-dexed\debug\internal_impl-23.1.1_50b731ef1dbf458f0e85fa2dab21bf5e7b44d941.jar C:\Users\oluwafemi.bamisaye\Documents\Android Projects\MyConference\app\build\intermediates\exploded-aar\com.android.support\support-v4\23.1.1\jars\libs\internal_impl-23.1.1.jar
java_class_path (initial): C:\sdk\build-tools\23.0.2\lib\dx.jar
Launcher Type: SUN_STANDARD

Environment Variables:
PATH=C:\ProgramData\Oracle\Java\javapath;C:\Windows\system32;C:\Windows;C:\Windows\System32\Wbem;C:\Windows\System32\WindowsPowerShell\v1.0\;C:\adb;C:\Program Files\TortoiseSVN\bin;C:\Program Files (x86)\Windows Kits\8.1\Windows Performance Toolkit\;C:\Program Files\Microsoft SQL Server\110\Tools\Binn\;C:\Program Files (x86)\Skype\Phone\;C:\Program Files\Git\cmd;C:\WINDOWS\system32;C:\WINDOWS;C:\WINDOWS\System32\Wbem;C:\WINDOWS\System32\WindowsPowerShell\v1.0\
USERNAME=oluwafemi.bamisaye
OS=Windows_NT
PROCESSOR_IDENTIFIER=Intel64 Family 6 Model 60 Stepping 3, GenuineIntel



---------------  S Y S T E M  ---------------

OS: Windows 10.0 , 64 bit Build 10586 (10.0.10586.0)

CPU:total 4 (2 cores per cpu, 2 threads per core) family 6 model 60 stepping 3, cmov, cx8, fxsr, mmx, sse, sse2, sse3, ssse3, sse4.1, sse4.2, popcnt, avx, avx2, aes, clmul, erms, lzcnt, ht, tsc, tscinvbit, bmi1, bmi2

Memory: 4k page, physical 8291864k(570232k free), swap 16483864k(2116k free)

vm_info: Java HotSpot(TM) 64-Bit Server VM (25.66-b17) for windows-amd64 JRE (1.8.0_66-b17), built on Oct  6 2015 18:55:33 by "java_re" with MS VC++ 10.0 (VS2010)

time: Wed Mar 09 17:05:26 2016
elapsed time: 11 seconds (0d 0h 0m 11s)

