#
# There is insufficient memory for the Java Runtime Environment to continue.
# Native memory allocation (malloc) failed to allocate 1048576 bytes for AllocateHeap
# Possible reasons:
#   The system is out of physical RAM or swap space
#   In 32 bit mode, the process size limit was hit
# Possible solutions:
#   Reduce memory load on the system
#   Increase physical memory or swap space
#   Check if swap backing store is full
#   Use 64 bit Java on a 64 bit OS
#   Decrease Java heap size (-Xmx/-Xms)
#   Decrease number of Java threads
#   Decrease Java thread stack sizes (-Xss)
#   Set larger code cache with -XX:ReservedCodeCacheSize=
# This output file may be truncated or incomplete.
#
#  Out of Memory Error (memory/allocation.inline.hpp:61), pid=15540, tid=13260
#
# JRE version:  (8.0_66-b17) (build )
# Java VM: Java HotSpot(TM) 64-Bit Server VM (25.66-b17 mixed mode windows-amd64 compressed oops)
# Failed to write core dump. Minidumps are not enabled by default on client versions of Windows
#

---------------  T H R E A D  ---------------

Current thread (0x00000000028e1000):  JavaThread "Unknown thread" [_thread_in_vm, id=13260, stack(0x00000000027e0000,0x00000000028e0000)]

Stack: [0x00000000027e0000,0x00000000028e0000]
[error occurred during error reporting (printing stack bounds), id 0xc0000005]

Native frames: (J=compiled Java code, j=interpreted, Vv=VM code, C=native code)


---------------  P R O C E S S  ---------------

Java Threads: ( => current thread )

Other Threads:

=>0x00000000028e1000 (exited) JavaThread "Unknown thread" [_thread_in_vm, id=13260, stack(0x00000000027e0000,0x00000000028e0000)]

VM state:not at safepoint (normal execution)

VM Mutex/Monitor currently owned by a thread: None

Heap:
 PSYoungGen      total 38400K, used 665K [0x00000000eab00000, 0x00000000ed580000, 0x0000000100000000)
  eden space 33280K, 2% used [0x00000000eab00000,0x00000000eaba6670,0x00000000ecb80000)
  from space 5120K, 0% used [0x00000000ed080000,0x00000000ed080000,0x00000000ed580000)
  to   space 5120K, 0% used [0x00000000ecb80000,0x00000000ecb80000,0x00000000ed080000)
 ParOldGen       total 87552K, used 0K [0x00000000c0000000, 0x00000000c5580000, 0x00000000eab00000)
  object space 87552K, 0% used [0x00000000c0000000,0x00000000c0000000,0x00000000c5580000)
 Metaspace       used 781K, capacity 1092K, committed 1152K, reserved 1060864K
  class space    used 75K, capacity 384K, committed 384K, reserved 1048576K

Card table byte_map: [0x0000000011da0000,0x0000000011fb0000] byte_map_base: 0x00000000117a0000

Marking Bits: (ParMarkBitMap*) 0x000000005901a5b0
 Begin Bits: [0x0000000012510000, 0x0000000013510000)
 End Bits:   [0x0000000013510000, 0x0000000014510000)

Polling page: 0x0000000000ac0000

CodeCache: size=245760Kb used=328Kb max_used=328Kb free=245431Kb
 bounds [0x00000000029e0000, 0x0000000002c50000, 0x00000000119e0000]
 total_blobs=57 nmethods=0 adapters=37
 compilation: enabled

Compilation events (0 events):
No events

GC Heap History (0 events):
No events

Deoptimization events (0 events):
No events

Internal exceptions (0 events):
No events

Events (10 events):
Event: 0.047 loading class java/lang/Short
Event: 0.047 loading class java/lang/Short done
Event: 0.047 loading class java/lang/Integer
Event: 0.047 loading class java/lang/Integer done
Event: 0.047 loading class java/lang/Long
Event: 0.049 loading class java/lang/Long done
Event: 0.062 loading class java/lang/NullPointerException
Event: 0.063 loading class java/lang/NullPointerException done
Event: 0.063 loading class java/lang/ArithmeticException
Event: 0.063 loading class java/lang/ArithmeticException done


Dynamic libraries:
0x00007ff74be10000 - 0x00007ff74be47000 	C:\Program Files\Java\jdk1.8.0_66\bin\java.exe
0x00007ff9e6170000 - 0x00007ff9e6331000 	C:\WINDOWS\SYSTEM32\ntdll.dll
0x00007ff9e4e00000 - 0x00007ff9e4ead000 	C:\WINDOWS\system32\KERNEL32.DLL
0x00007ff9e2bc0000 - 0x00007ff9e2da8000 	C:\WINDOWS\system32\KERNELBASE.dll
0x00007ff9e5f20000 - 0x00007ff9e5fc7000 	C:\WINDOWS\system32\ADVAPI32.dll
0x00007ff9e36e0000 - 0x00007ff9e377d000 	C:\WINDOWS\system32\msvcrt.dll
0x00007ff9e53d0000 - 0x00007ff9e542b000 	C:\WINDOWS\system32\sechost.dll
0x00007ff9e4ce0000 - 0x00007ff9e4dfc000 	C:\WINDOWS\system32\RPCRT4.dll
0x00007ff9e3580000 - 0x00007ff9e36d6000 	C:\WINDOWS\system32\USER32.dll
0x0000000000cd0000 - 0x0000000000e56000 	C:\WINDOWS\system32\GDI32.dll
0x00007ff9d90c0000 - 0x00007ff9d9334000 	C:\WINDOWS\WinSxS\amd64_microsoft.windows.common-controls_6595b64144ccf1df_6.0.10586.0_none_8c15ae12515e1c22\COMCTL32.dll
0x00007ff9e54c0000 - 0x00007ff9e573d000 	C:\WINDOWS\system32\combase.dll
0x00007ff9e2af0000 - 0x00007ff9e2b5a000 	C:\WINDOWS\system32\bcryptPrimitives.dll
0x00007ff9e5390000 - 0x00007ff9e53cb000 	C:\WINDOWS\system32\IMM32.DLL
0x00007ff9cc8e0000 - 0x00007ff9cc98c000 	C:\Program Files\McAfee\Endpoint Security\Threat Prevention\Ips\EpMPApi.dll
0x00007ff9e2b60000 - 0x00007ff9e2bb5000 	C:\WINDOWS\system32\WINTRUST.dll
0x00007ff9e2810000 - 0x00007ff9e2820000 	C:\WINDOWS\system32\MSASN1.dll
0x00007ff9e2820000 - 0x00007ff9e29e7000 	C:\WINDOWS\system32\CRYPT32.dll
0x00007ff9b9800000 - 0x00007ff9b9d2a000 	C:\Program Files\McAfee\DLP\Agent\fcagcbh64.dll
0x00007ff9e51f0000 - 0x00007ff9e5242000 	C:\WINDOWS\system32\SHLWAPI.dll
0x00007ff9e3570000 - 0x00007ff9e3578000 	C:\WINDOWS\system32\PSAPI.DLL
0x00007ff9e58f0000 - 0x00007ff9e5a33000 	C:\WINDOWS\system32\ole32.dll
0x00007ff9e1c80000 - 0x00007ff9e1cb1000 	C:\WINDOWS\SYSTEM32\ntmarta.dll
0x0000000059690000 - 0x000000005969b000 	C:\Program Files\McAfee\Endpoint Security\Threat Prevention\Ips\EpMPThe.dll
0x0000000058390000 - 0x0000000058462000 	C:\Program Files\Java\jdk1.8.0_66\jre\bin\msvcr100.dll
0x0000000058810000 - 0x0000000059099000 	C:\Program Files\Java\jdk1.8.0_66\jre\bin\server\jvm.dll
0x00007ff9e0b50000 - 0x00007ff9e0b73000 	C:\WINDOWS\SYSTEM32\WINMM.dll
0x00007ff9de8c0000 - 0x00007ff9de8c9000 	C:\WINDOWS\SYSTEM32\WSOCK32.dll
0x00007ff9e5320000 - 0x00007ff9e538b000 	C:\WINDOWS\system32\WS2_32.dll
0x00007ff9d4c90000 - 0x00007ff9d4c9a000 	C:\WINDOWS\SYSTEM32\VERSION.dll
0x00007ff9e0ac0000 - 0x00007ff9e0aec000 	C:\WINDOWS\SYSTEM32\WINMMBASE.dll
0x00007ff9e2aa0000 - 0x00007ff9e2ae3000 	C:\WINDOWS\system32\cfgmgr32.dll
0x0000000058800000 - 0x000000005880f000 	C:\Program Files\Java\jdk1.8.0_66\jre\bin\verify.dll
0x00000000587d0000 - 0x00000000587f9000 	C:\Program Files\Java\jdk1.8.0_66\jre\bin\java.dll
0x00000000587b0000 - 0x00000000587c6000 	C:\Program Files\Java\jdk1.8.0_66\jre\bin\zip.dll

VM Arguments:
jvm_args: -Djava.awt.headless=true -Xmx1024M -Dfile.encoding=windows-1252 -Duser.country=US -Duser.language=en -Duser.variant 
java_command: com.android.dx.command.Main --dex --num-threads=4 --output C:\Users\oluwafemi.bamisaye\Documents\Android Projects\MyConference\app\build\intermediates\pre-dexed\debug\com.android.support-cardview-v7-23.1.1_84d017c7ae7f351d5038e3dc12a9e8d2a90c66d7.jar C:\Users\oluwafemi.bamisaye\Documents\Android Projects\MyConference\app\build\intermediates\exploded-aar\com.android.support\cardview-v7\23.1.1\jars\classes.jar
java_class_path (initial): C:\sdk\build-tools\23.0.2\lib\dx.jar
Launcher Type: SUN_STANDARD

Environment Variables:
PATH=C:\ProgramData\Oracle\Java\javapath;C:\Windows\system32;C:\Windows;C:\Windows\System32\Wbem;C:\Windows\System32\WindowsPowerShell\v1.0\;C:\adb;C:\Program Files\TortoiseSVN\bin;C:\Program Files (x86)\Windows Kits\8.1\Windows Performance Toolkit\;C:\Program Files\Microsoft SQL Server\110\Tools\Binn\;C:\Program Files (x86)\Skype\Phone\;C:\Program Files\Git\cmd;C:\WINDOWS\system32;C:\WINDOWS;C:\WINDOWS\System32\Wbem;C:\WINDOWS\System32\WindowsPowerShell\v1.0\
USERNAME=oluwafemi.bamisaye
OS=Windows_NT
PROCESSOR_IDENTIFIER=Intel64 Family 6 Model 60 Stepping 3, GenuineIntel



---------------  S Y S T E M  ---------------

OS: Windows 10.0 , 64 bit Build 10586 (10.0.10586.0)

CPU:total 4 (2 cores per cpu, 2 threads per core) family 6 model 60 stepping 3, cmov, cx8, fxsr, mmx, sse, sse2, sse3, ssse3, sse4.1, sse4.2, popcnt, avx, avx2, aes, clmul, erms, lzcnt, ht, tsc, tscinvbit, bmi1, bmi2

Memory: 4k page, physical 8291864k(1675636k free), swap 16483864k(5176k free)

vm_info: Java HotSpot(TM) 64-Bit Server VM (25.66-b17) for windows-amd64 JRE (1.8.0_66-b17), built on Oct  6 2015 18:55:33 by "java_re" with MS VC++ 10.0 (VS2010)

time: Wed Mar 09 17:07:12 2016
elapsed time: 0 seconds (0d 0h 0m 0s)

