#
# There is insufficient memory for the Java Runtime Environment to continue.
# Native memory allocation (malloc) failed to allocate 798096 bytes for Chunk::new
# Possible reasons:
#   The system is out of physical RAM or swap space
#   In 32 bit mode, the process size limit was hit
# Possible solutions:
#   Reduce memory load on the system
#   Increase physical memory or swap space
#   Check if swap backing store is full
#   Use 64 bit Java on a 64 bit OS
#   Decrease Java heap size (-Xmx/-Xms)
#   Decrease number of Java threads
#   Decrease Java thread stack sizes (-Xss)
#   Set larger code cache with -XX:ReservedCodeCacheSize=
# This output file may be truncated or incomplete.
#
#  Out of Memory Error (allocation.cpp:390), pid=13736, tid=10028
#
# JRE version: Java(TM) SE Runtime Environment (8.0_66-b17) (build 1.8.0_66-b17)
# Java VM: Java HotSpot(TM) 64-Bit Server VM (25.66-b17 mixed mode windows-amd64 compressed oops)
# Failed to write core dump. Minidumps are not enabled by default on client versions of Windows
#

---------------  T H R E A D  ---------------

Current thread (0x000000001503f800):  JavaThread "C2 CompilerThread1" daemon [_thread_in_native, id=10028, stack(0x0000000018330000,0x0000000018430000)]

Stack: [0x0000000018330000,0x0000000018430000]
[error occurred during error reporting (printing stack bounds), id 0xc0000005]

Native frames: (J=compiled Java code, j=interpreted, Vv=VM code, C=native code)


Current CompileTask:
C2:  11261 1953       4       com.android.dx.ssa.SCCP::run (298 bytes)


---------------  P R O C E S S  ---------------

Java Threads: ( => current thread )
  0x0000000018725800 JavaThread "pool-1-thread-4" [_thread_blocked, id=11204, stack(0x0000000018f30000,0x0000000019030000)]
  0x0000000018724800 JavaThread "pool-1-thread-3" [_thread_blocked, id=14424, stack(0x0000000018e30000,0x0000000018f30000)]
  0x0000000018723800 JavaThread "pool-1-thread-2" [_thread_blocked, id=17412, stack(0x0000000018d30000,0x0000000018e30000)]
  0x0000000018720800 JavaThread "pool-2-thread-1" [_thread_blocked, id=14308, stack(0x0000000018c30000,0x0000000018d30000)]
  0x0000000018720000 JavaThread "pool-1-thread-1" [_thread_blocked, id=10392, stack(0x0000000018b30000,0x0000000018c30000)]
  0x000000001509e800 JavaThread "Service Thread" daemon [_thread_blocked, id=17780, stack(0x0000000018930000,0x0000000018a30000)]
  0x0000000018438800 JavaThread "C1 CompilerThread2" daemon [_thread_blocked, id=9204, stack(0x0000000018830000,0x0000000018930000)]
=>0x000000001503f800 JavaThread "C2 CompilerThread1" daemon [_thread_in_native, id=10028, stack(0x0000000018330000,0x0000000018430000)]
  0x000000001503c800 JavaThread "C2 CompilerThread0" daemon [_thread_in_native, id=13332, stack(0x0000000018230000,0x0000000018330000)]
  0x000000001503a800 JavaThread "Attach Listener" daemon [_thread_blocked, id=17504, stack(0x0000000018130000,0x0000000018230000)]
  0x0000000015039000 JavaThread "Signal Dispatcher" daemon [_thread_blocked, id=3352, stack(0x0000000018030000,0x0000000018130000)]
  0x0000000002880800 JavaThread "Finalizer" daemon [_thread_blocked, id=10152, stack(0x00000000162a0000,0x00000000163a0000)]
  0x000000000287d000 JavaThread "Reference Handler" daemon [_thread_blocked, id=13056, stack(0x00000000161a0000,0x00000000162a0000)]
  0x0000000002791000 JavaThread "main" [_thread_blocked, id=9524, stack(0x0000000002600000,0x0000000002700000)]

Other Threads:
  0x0000000015008000 VMThread [stack: 0x00000000160a0000,0x00000000161a0000] [id=4616]
  0x0000000018448000 WatcherThread [stack: 0x0000000018a30000,0x0000000018b30000] [id=10800]

VM state:at safepoint (normal execution)

VM Mutex/Monitor currently owned by a thread:  ([mutex/lock_event])
[0x000000000296c140] Threads_lock - owner thread: 0x0000000015008000
[0x000000000296c240] Heap_lock - owner thread: 0x0000000018724800

Heap:
 PSYoungGen      total 71680K, used 71657K [0x00000000eab00000, 0x00000000ef600000, 0x0000000100000000)
  eden space 66560K, 100% used [0x00000000eab00000,0x00000000eec00000,0x00000000eec00000)
  from space 5120K, 99% used [0x00000000ef100000,0x00000000ef5fa640,0x00000000ef600000)
  to   space 5120K, 94% used [0x00000000eec00000,0x00000000ef0b6630,0x00000000ef100000)
 ParOldGen       total 87552K, used 15192K [0x00000000c0000000, 0x00000000c5580000, 0x00000000eab00000)
  object space 87552K, 17% used [0x00000000c0000000,0x00000000c0ed6068,0x00000000c5580000)
 Metaspace       used 6423K, capacity 7216K, committed 7296K, reserved 1056768K
  class space    used 602K, capacity 616K, committed 640K, reserved 1048576K

Card table byte_map: [0x0000000011d30000,0x0000000011f40000] byte_map_base: 0x0000000011730000

Marking Bits: (ParMarkBitMap*) 0x000000005901a5b0
 Begin Bits: [0x00000000124a0000, 0x00000000134a0000)
 End Bits:   [0x00000000134a0000, 0x00000000144a0000)

Polling page: 0x0000000002060000

CodeCache: size=245760Kb used=9111Kb max_used=9111Kb free=236648Kb
 bounds [0x0000000002970000, 0x0000000003260000, 0x0000000011970000]
 total_blobs=2198 nmethods=1928 adapters=182
 compilation: enabled

Compilation events (10 events):
Event: 11.234 Thread 0x0000000018438800 1988       1       com.android.dx.cf.attrib.InnerClassList$Item::getInnerName (5 bytes)
Event: 11.234 Thread 0x0000000018438800 nmethod 1988 0x0000000003224250 code [0x00000000032243a0, 0x00000000032244b0]
Event: 11.235 Thread 0x0000000018438800 1989       1       com.android.dx.cf.attrib.InnerClassList$Item::getAccessFlags (5 bytes)
Event: 11.235 Thread 0x0000000018438800 nmethod 1989 0x000000000325c550 code [0x000000000325c6a0, 0x000000000325c7b0]
Event: 11.236 Thread 0x0000000018438800 1990       2       java.util.concurrent.locks.AbstractQueuedSynchronizer$ConditionObject::doSignal (43 bytes)
Event: 11.236 Thread 0x0000000018438800 nmethod 1990 0x000000000325c810 code [0x000000000325c980, 0x000000000325cbc8]
Event: 11.242 Thread 0x0000000018438800 1991       2       java.util.HashMap$ValueIterator::next (8 bytes)
Event: 11.242 Thread 0x0000000018438800 nmethod 1991 0x000000000325ccd0 code [0x000000000325ce40, 0x000000000325cfc8]
Event: 11.246 Thread 0x0000000018438800 1992       2       java.util.HashMap::values (27 bytes)
Event: 11.246 Thread 0x0000000018438800 nmethod 1992 0x000000000325d090 code [0x000000000325d1e0, 0x000000000325d3d0]

GC Heap History (8 events):
Event: 3.135 GC heap before
{Heap before GC invocations=1 (full 0):
 PSYoungGen      total 38400K, used 33280K [0x00000000eab00000, 0x00000000ed580000, 0x0000000100000000)
  eden space 33280K, 100% used [0x00000000eab00000,0x00000000ecb80000,0x00000000ecb80000)
  from space 5120K, 0% used [0x00000000ed080000,0x00000000ed080000,0x00000000ed580000)
  to   space 5120K, 0% used [0x00000000ecb80000,0x00000000ecb80000,0x00000000ed080000)
 ParOldGen       total 87552K, used 0K [0x00000000c0000000, 0x00000000c5580000, 0x00000000eab00000)
  object space 87552K, 0% used [0x00000000c0000000,0x00000000c0000000,0x00000000c5580000)
 Metaspace       used 5949K, capacity 6896K, committed 7040K, reserved 1056768K
  class space    used 600K, capacity 616K, committed 640K, reserved 1048576K
Event: 3.151 GC heap after
Heap after GC invocations=1 (full 0):
 PSYoungGen      total 38400K, used 5088K [0x00000000eab00000, 0x00000000ed580000, 0x0000000100000000)
  eden space 33280K, 0% used [0x00000000eab00000,0x00000000eab00000,0x00000000ecb80000)
  from space 5120K, 99% used [0x00000000ecb80000,0x00000000ed078068,0x00000000ed080000)
  to   space 5120K, 0% used [0x00000000ed080000,0x00000000ed080000,0x00000000ed580000)
 ParOldGen       total 87552K, used 672K [0x00000000c0000000, 0x00000000c5580000, 0x00000000eab00000)
  object space 87552K, 0% used [0x00000000c0000000,0x00000000c00a8028,0x00000000c5580000)
 Metaspace       used 5949K, capacity 6896K, committed 7040K, reserved 1056768K
  class space    used 600K, capacity 616K, committed 640K, reserved 1048576K
}
Event: 5.849 GC heap before
{Heap before GC invocations=2 (full 0):
 PSYoungGen      total 38400K, used 38368K [0x00000000eab00000, 0x00000000ed580000, 0x0000000100000000)
  eden space 33280K, 100% used [0x00000000eab00000,0x00000000ecb80000,0x00000000ecb80000)
  from space 5120K, 99% used [0x00000000ecb80000,0x00000000ed078068,0x00000000ed080000)
  to   space 5120K, 0% used [0x00000000ed080000,0x00000000ed080000,0x00000000ed580000)
 ParOldGen       total 87552K, used 672K [0x00000000c0000000, 0x00000000c5580000, 0x00000000eab00000)
  object space 87552K, 0% used [0x00000000c0000000,0x00000000c00a8028,0x00000000c5580000)
 Metaspace       used 6234K, capacity 7088K, committed 7296K, reserved 1056768K
  class space    used 601K, capacity 616K, committed 640K, reserved 1048576K
Event: 5.869 GC heap after
Heap after GC invocations=2 (full 0):
 PSYoungGen      total 38400K, used 5115K [0x00000000eab00000, 0x00000000ed580000, 0x0000000100000000)
  eden space 33280K, 0% used [0x00000000eab00000,0x00000000eab00000,0x00000000ecb80000)
  from space 5120K, 99% used [0x00000000ed080000,0x00000000ed57efe8,0x00000000ed580000)
  to   space 5120K, 0% used [0x00000000ecb80000,0x00000000ecb80000,0x00000000ed080000)
 ParOldGen       total 87552K, used 4617K [0x00000000c0000000, 0x00000000c5580000, 0x00000000eab00000)
  object space 87552K, 5% used [0x00000000c0000000,0x00000000c0482568,0x00000000c5580000)
 Metaspace       used 6234K, capacity 7088K, committed 7296K, reserved 1056768K
  class space    used 601K, capacity 616K, committed 640K, reserved 1048576K
}
Event: 7.787 GC heap before
{Heap before GC invocations=3 (full 0):
 PSYoungGen      total 38400K, used 38395K [0x00000000eab00000, 0x00000000ed580000, 0x0000000100000000)
  eden space 33280K, 100% used [0x00000000eab00000,0x00000000ecb80000,0x00000000ecb80000)
  from space 5120K, 99% used [0x00000000ed080000,0x00000000ed57efe8,0x00000000ed580000)
  to   space 5120K, 0% used [0x00000000ecb80000,0x00000000ecb80000,0x00000000ed080000)
 ParOldGen       total 87552K, used 4617K [0x00000000c0000000, 0x00000000c5580000, 0x00000000eab00000)
  object space 87552K, 5% used [0x00000000c0000000,0x00000000c0482568,0x00000000c5580000)
 Metaspace       used 6279K, capacity 7152K, committed 7296K, reserved 1056768K
  class space    used 601K, capacity 616K, committed 640K, reserved 1048576K
Event: 7.841 GC heap after
Heap after GC invocations=3 (full 0):
 PSYoungGen      total 38400K, used 5098K [0x00000000eab00000, 0x00000000ef600000, 0x0000000100000000)
  eden space 33280K, 0% used [0x00000000eab00000,0x00000000eab00000,0x00000000ecb80000)
  from space 5120K, 99% used [0x00000000ecb80000,0x00000000ed07ab60,0x00000000ed080000)
  to   space 5120K, 0% used [0x00000000ef100000,0x00000000ef100000,0x00000000ef600000)
 ParOldGen       total 87552K, used 9663K [0x00000000c0000000, 0x00000000c5580000, 0x00000000eab00000)
  object space 87552K, 11% used [0x00000000c0000000,0x00000000c096fed0,0x00000000c5580000)
 Metaspace       used 6279K, capacity 7152K, committed 7296K, reserved 1056768K
  class space    used 601K, capacity 616K, committed 640K, reserved 1048576K
}
Event: 10.096 GC heap before
{Heap before GC invocations=4 (full 0):
 PSYoungGen      total 38400K, used 38378K [0x00000000eab00000, 0x00000000ef600000, 0x0000000100000000)
  eden space 33280K, 100% used [0x00000000eab00000,0x00000000ecb80000,0x00000000ecb80000)
  from space 5120K, 99% used [0x00000000ecb80000,0x00000000ed07ab60,0x00000000ed080000)
  to   space 5120K, 0% used [0x00000000ef100000,0x00000000ef100000,0x00000000ef600000)
 ParOldGen       total 87552K, used 9663K [0x00000000c0000000, 0x00000000c5580000, 0x00000000eab00000)
  object space 87552K, 11% used [0x00000000c0000000,0x00000000c096fed0,0x00000000c5580000)
 Metaspace       used 6324K, capacity 7152K, committed 7296K, reserved 1056768K
  class space    used 602K, capacity 616K, committed 640K, reserved 1048576K
Event: 10.122 GC heap after
Heap after GC invocations=4 (full 0):
 PSYoungGen      total 71680K, used 5097K [0x00000000eab00000, 0x00000000ef600000, 0x0000000100000000)
  eden space 66560K, 0% used [0x00000000eab00000,0x00000000eab00000,0x00000000eec00000)
  from space 5120K, 99% used [0x00000000ef100000,0x00000000ef5fa640,0x00000000ef600000)
  to   space 5120K, 0% used [0x00000000eec00000,0x00000000eec00000,0x00000000ef100000)
 ParOldGen       total 87552K, used 15192K [0x00000000c0000000, 0x00000000c5580000, 0x00000000eab00000)
  object space 87552K, 17% used [0x00000000c0000000,0x00000000c0ed6068,0x00000000c5580000)
 Metaspace       used 6324K, capacity 7152K, committed 7296K, reserved 1056768K
  class space    used 602K, capacity 616K, committed 640K, reserved 1048576K
}

Deoptimization events (10 events):
Event: 10.135 Thread 0x0000000018725800 Uncommon trap: reason=unstable_if action=reinterpret pc=0x0000000003129c34 method=com.android.dx.rop.code.BasicBlockList.preferredSuccessorOf(Lcom/android/dx/rop/code/BasicBlock;)Lcom/android/dx/rop/code/BasicBlock; @ 58
Event: 10.185 Thread 0x0000000018723800 Uncommon trap: reason=class_check action=maybe_recompile pc=0x0000000003046da0 method=com.android.dx.cf.code.RopperMachine.run(Lcom/android/dx/cf/code/Frame;II)V @ 1024
Event: 10.185 Thread 0x0000000018724800 Uncommon trap: reason=unstable_if action=reinterpret pc=0x0000000003197820 method=com.android.dx.ssa.LiteralOpUpgrader$1.visitNonMoveInsn(Lcom/android/dx/ssa/NormalSsaInsn;)V @ 55
Event: 10.898 Thread 0x0000000002791000 Uncommon trap: reason=unstable_if action=reinterpret pc=0x0000000002fc5978 method=com.android.dx.util.BitIntSet.has(I)Z @ 8
Event: 10.909 Thread 0x0000000002791000 Uncommon trap: reason=bimorphic action=maybe_recompile pc=0x000000000319c4a4 method=java.util.HashMap.getNode(ILjava/lang/Object;)Ljava/util/HashMap$Node; @ 126
Event: 10.909 Thread 0x0000000002791000 Uncommon trap: reason=bimorphic action=maybe_recompile pc=0x0000000003194a74 method=java.util.HashMap.getNode(ILjava/lang/Object;)Ljava/util/HashMap$Node; @ 126
Event: 10.966 Thread 0x0000000018723800 Uncommon trap: reason=unstable_if action=reinterpret pc=0x0000000003214840 method=com.android.dx.cf.code.Merger.mergeType(Lcom/android/dx/rop/type/TypeBearer;Lcom/android/dx/rop/type/TypeBearer;)Lcom/android/dx/rop/type/TypeBearer; @ 77
Event: 11.127 Thread 0x0000000018720000 Uncommon trap: reason=bimorphic action=maybe_recompile pc=0x0000000003194a74 method=java.util.HashMap.getNode(ILjava/lang/Object;)Ljava/util/HashMap$Node; @ 126
Event: 11.127 Thread 0x0000000018720000 Uncommon trap: reason=bimorphic action=maybe_recompile pc=0x000000000319c4a4 method=java.util.HashMap.getNode(ILjava/lang/Object;)Ljava/util/HashMap$Node; @ 126
Event: 11.127 Thread 0x0000000018720000 Uncommon trap: reason=bimorphic action=maybe_recompile pc=0x0000000003194a74 method=java.util.HashMap.getNode(ILjava/lang/Object;)Ljava/util/HashMap$Node; @ 126

Internal exceptions (3 events):
Event: 0.090 Thread 0x0000000002791000 Exception <a 'java/lang/NoSuchMethodError': Method sun.misc.Unsafe.defineClass(Ljava/lang/String;[BII)Ljava/lang/Class; name or signature does not match> (0x00000000eab0d6e8) thrown at [C:\re\workspace\8-2-build-windows-amd64-cygwin\jdk8u66\4988\hotspot\sri9DS+û¶?
Event: 0.090 Thread 0x0000000002791000 Exception <a 'java/lang/NoSuchMethodError': Method sun.misc.Unsafe.prefetchRead(Ljava/lang/Object;J)V name or signature does not match> (0x00000000eab0d9d0) thrown at [C:\re\workspace\8-2-build-windows-amd64-cygwin\jdk8u66\4988\hotspot\src\share\vm\prims\jv!ÿf5µ@
Event: 5.677 Thread 0x0000000018724800 Implicit null exception at 0x0000000002e1f962 to 0x0000000002e1fa5a

Events (10 events):
Event: 11.018 Thread 0x0000000018720000 DEOPT UNPACKING pc=0x00000000029b787f sp=0x0000000018c2e9c0 mode 0
Event: 11.127 Thread 0x0000000018720000 Uncommon trap: trap_request=0xffffffc6 fr.pc=0x0000000003194a74
Event: 11.127 Thread 0x0000000018720000 DEOPT PACKING pc=0x0000000003194a74 sp=0x0000000018c2e930
Event: 11.127 Thread 0x0000000018720000 DEOPT UNPACKING pc=0x00000000029b582a sp=0x0000000018c2e8b0 mode 2
Event: 11.127 Thread 0x0000000018720000 Uncommon trap: trap_request=0xffffffc6 fr.pc=0x000000000319c4a4
Event: 11.127 Thread 0x0000000018720000 DEOPT PACKING pc=0x000000000319c4a4 sp=0x0000000018c2e9e0
Event: 11.127 Thread 0x0000000018720000 DEOPT UNPACKING pc=0x00000000029b582a sp=0x0000000018c2e8e8 mode 2
Event: 11.127 Thread 0x0000000018720000 Uncommon trap: trap_request=0xffffffc6 fr.pc=0x0000000003194a74
Event: 11.127 Thread 0x0000000018720000 DEOPT PACKING pc=0x0000000003194a74 sp=0x0000000018c2e970
Event: 11.127 Thread 0x0000000018720000 DEOPT UNPACKING pc=0x00000000029b582a sp=0x0000000018c2e8f0 mode 2


Dynamic libraries:
0x00007ff74be10000 - 0x00007ff74be47000 	C:\Program Files\Java\jdk1.8.0_66\bin\java.exe
0x00007ff9e6170000 - 0x00007ff9e6331000 	C:\WINDOWS\SYSTEM32\ntdll.dll
0x00007ff9e4e00000 - 0x00007ff9e4ead000 	C:\WINDOWS\system32\KERNEL32.DLL
0x00007ff9e2bc0000 - 0x00007ff9e2da8000 	C:\WINDOWS\system32\KERNELBASE.dll
0x00007ff9e5f20000 - 0x00007ff9e5fc7000 	C:\WINDOWS\system32\ADVAPI32.dll
0x00007ff9e36e0000 - 0x00007ff9e377d000 	C:\WINDOWS\system32\msvcrt.dll
0x00007ff9e53d0000 - 0x00007ff9e542b000 	C:\WINDOWS\system32\sechost.dll
0x00007ff9e4ce0000 - 0x00007ff9e4dfc000 	C:\WINDOWS\system32\RPCRT4.dll
0x00007ff9e3580000 - 0x00007ff9e36d6000 	C:\WINDOWS\system32\USER32.dll
0x0000000000750000 - 0x00000000008d6000 	C:\WINDOWS\system32\GDI32.dll
0x00007ff9d90c0000 - 0x00007ff9d9334000 	C:\WINDOWS\WinSxS\amd64_microsoft.windows.common-controls_6595b64144ccf1df_6.0.10586.0_none_8c15ae12515e1c22\COMCTL32.dll
0x00007ff9e54c0000 - 0x00007ff9e573d000 	C:\WINDOWS\system32\combase.dll
0x00007ff9e2af0000 - 0x00007ff9e2b5a000 	C:\WINDOWS\system32\bcryptPrimitives.dll
0x00007ff9b9800000 - 0x00007ff9b9d2a000 	C:\Program Files\McAfee\DLP\Agent\fcagcbh64.dll
0x00007ff9e51f0000 - 0x00007ff9e5242000 	C:\WINDOWS\system32\SHLWAPI.dll
0x00007ff9e3570000 - 0x00007ff9e3578000 	C:\WINDOWS\system32\PSAPI.DLL
0x00007ff9e58f0000 - 0x00007ff9e5a33000 	C:\WINDOWS\system32\ole32.dll
0x00007ff9e5390000 - 0x00007ff9e53cb000 	C:\WINDOWS\system32\IMM32.DLL
0x00007ff9e1c80000 - 0x00007ff9e1cb1000 	C:\WINDOWS\SYSTEM32\ntmarta.dll
0x00007ff9cc8e0000 - 0x00007ff9cc98c000 	C:\Program Files\McAfee\Endpoint Security\Threat Prevention\Ips\EpMPApi.dll
0x00007ff9e2b60000 - 0x00007ff9e2bb5000 	C:\WINDOWS\system32\WINTRUST.dll
0x00007ff9e2810000 - 0x00007ff9e2820000 	C:\WINDOWS\system32\MSASN1.dll
0x00007ff9e2820000 - 0x00007ff9e29e7000 	C:\WINDOWS\system32\CRYPT32.dll
0x0000000059690000 - 0x000000005969b000 	C:\Program Files\McAfee\Endpoint Security\Threat Prevention\Ips\EpMPThe.dll
0x0000000058390000 - 0x0000000058462000 	C:\Program Files\Java\jdk1.8.0_66\jre\bin\msvcr100.dll
0x0000000058810000 - 0x0000000059099000 	C:\Program Files\Java\jdk1.8.0_66\jre\bin\server\jvm.dll
0x00007ff9de8c0000 - 0x00007ff9de8c9000 	C:\WINDOWS\SYSTEM32\WSOCK32.dll
0x00007ff9e5320000 - 0x00007ff9e538b000 	C:\WINDOWS\system32\WS2_32.dll
0x00007ff9e0b50000 - 0x00007ff9e0b73000 	C:\WINDOWS\SYSTEM32\WINMM.dll
0x00007ff9d4c90000 - 0x00007ff9d4c9a000 	C:\WINDOWS\SYSTEM32\VERSION.dll
0x00007ff9e0ac0000 - 0x00007ff9e0aec000 	C:\WINDOWS\SYSTEM32\WINMMBASE.dll
0x00007ff9e2aa0000 - 0x00007ff9e2ae3000 	C:\WINDOWS\system32\cfgmgr32.dll
0x0000000058800000 - 0x000000005880f000 	C:\Program Files\Java\jdk1.8.0_66\jre\bin\verify.dll
0x00000000587d0000 - 0x00000000587f9000 	C:\Program Files\Java\jdk1.8.0_66\jre\bin\java.dll
0x00000000587b0000 - 0x00000000587c6000 	C:\Program Files\Java\jdk1.8.0_66\jre\bin\zip.dll
0x0000000016480000 - 0x00000000179dc000 	C:\WINDOWS\system32\SHELL32.dll
0x00000000179e0000 - 0x0000000018025000 	C:\WINDOWS\system32\windows.storage.dll
0x00007ff9e2790000 - 0x00007ff9e279f000 	C:\WINDOWS\system32\kernel.appcore.dll
0x00007ff9e3400000 - 0x00007ff9e34b5000 	C:\WINDOWS\system32\shcore.dll
0x00007ff9e27c0000 - 0x00007ff9e280b000 	C:\WINDOWS\system32\powrprof.dll
0x00007ff9e27a0000 - 0x00007ff9e27b4000 	C:\WINDOWS\system32\profapi.dll

VM Arguments:
jvm_args: -Djava.awt.headless=true -Xmx1024M -Dfile.encoding=windows-1252 -Duser.country=US -Duser.language=en -Duser.variant 
java_command: com.android.dx.command.Main --dex --num-threads=4 --output C:\Users\oluwafemi.bamisaye\Documents\Android Projects\MyConference\app\build\intermediates\pre-dexed\debug\com.google.android.gms-play-services-basement-8.4.0_787b5fecee0eab701af75b6ef7f001ded3a9df56.jar C:\Users\oluwafemi.bamisaye\Documents\Android Projects\MyConference\app\build\intermediates\exploded-aar\com.google.android.gms\play-services-basement\8.4.0\jars\classes.jar
java_class_path (initial): C:\sdk\build-tools\23.0.2\lib\dx.jar
Launcher Type: SUN_STANDARD

Environment Variables:
PATH=C:\ProgramData\Oracle\Java\javapath;C:\Windows\system32;C:\Windows;C:\Windows\System32\Wbem;C:\Windows\System32\WindowsPowerShell\v1.0\;C:\adb;C:\Program Files\TortoiseSVN\bin;C:\Program Files (x86)\Windows Kits\8.1\Windows Performance Toolkit\;C:\Program Files\Microsoft SQL Server\110\Tools\Binn\;C:\Program Files (x86)\Skype\Phone\;C:\Program Files\Git\cmd;C:\WINDOWS\system32;C:\WINDOWS;C:\WINDOWS\System32\Wbem;C:\WINDOWS\System32\WindowsPowerShell\v1.0\
USERNAME=oluwafemi.bamisaye
OS=Windows_NT
PROCESSOR_IDENTIFIER=Intel64 Family 6 Model 60 Stepping 3, GenuineIntel



---------------  S Y S T E M  ---------------

OS: Windows 10.0 , 64 bit Build 10586 (10.0.10586.0)

CPU:total 4 (2 cores per cpu, 2 threads per core) family 6 model 60 stepping 3, cmov, cx8, fxsr, mmx, sse, sse2, sse3, ssse3, sse4.1, sse4.2, popcnt, avx, avx2, aes, clmul, erms, lzcnt, ht, tsc, tscinvbit, bmi1, bmi2

Memory: 4k page, physical 8291864k(584604k free), swap 16483864k(4168k free)

vm_info: Java HotSpot(TM) 64-Bit Server VM (25.66-b17) for windows-amd64 JRE (1.8.0_66-b17), built on Oct  6 2015 18:55:33 by "java_re" with MS VC++ 10.0 (VS2010)

time: Wed Mar 09 17:05:26 2016
elapsed time: 11 seconds (0d 0h 0m 11s)

